<?xml version="1.0" encoding="UTF-8"?>
<!-- Generated by org.testng.reporters.JUnitReportReporter -->
<testsuite hostname="Vijay" failures="0" tests="1" name="testNgPractice.FacebookTestNg" time="11.522" errors="0" timestamp="17 Jul 2024 16:29:03 GMT" skipped="0">
  <testcase classname="testNgPractice.FacebookTestNg" name="logIn" time="11.522"/>
</testsuite> <!-- testNgPractice.FacebookTestNg -->
